Сборка начата 30.04.2017 13:23:19.
     1>Проект "C:\Users\Дарья\Dropbox\4 семестр\ООП\Figure\unittest_Figure\unittest_Figure.vcxproj" в узле 2 (целевые объекты Build).
     1>ClCompile:
         D:\visual\VC\bin\CL.exe /c /ZI /nologo /W3 /WX- /sdl /Od /Oy- /D WIN32 /D _DEBUG /D _CONSOLE /D _UNICODE /D UNICODE /Gm /EHsc /RTC1 /MDd /GS /fp:precise /Zc:wchar_t /Zc:forScope /Zc:inline /Fo"Debug\\" /Fd"Debug\vc140.pdb" /Gd /TP /analyze- /errorReport:prompt ..\Figure\IsoscelesTriangle.cpp ..\Figure\Quadrate.cpp ..\Figure\RightTriangle.cpp ..\Figure\Shape.cpp unittest_Figure.cpp
         Shape.cpp
         RightTriangle.cpp
         Quadrate.cpp
         IsoscelesTriangle.cpp
     1>c:\users\дарья\dropbox\4 семестр\ооп\figure\figure\isoscelestriangle.cpp(36): warning C4101: str: неиспользованная локальная переменная
         Создание кода...
         Компиляция...
         unittest_Figure.cpp
     1>c:\users\дарья\dropbox\4 семестр\ооп\figure\unittest_figure\unittest_figure.cpp(14): error C2664: "RightTriangle::RightTriangle(const RightTriangle &)": невозможно преобразовать аргумент 7 из "const char [6]" в "Color"
         c:\users\дарья\dropbox\4 семестр\ооп\figure\unittest_figure\unittest_figure.cpp(14): note: Ни один конструктор не смог принять исходный тип, либо разрешение перегрузки конструктора неоднозначно
     1>c:\users\дарья\dropbox\4 семестр\ооп\figure\unittest_figure\unittest_figure.cpp(15): error C2664: "Quadrate::Quadrate(const Quadrate &)": невозможно преобразовать аргумент 9 из "const char [5]" в "Color"
         c:\users\дарья\dropbox\4 семестр\ооп\figure\unittest_figure\unittest_figure.cpp(15): note: Ни один конструктор не смог принять исходный тип, либо разрешение перегрузки конструктора неоднозначно
     1>c:\users\дарья\dropbox\4 семестр\ооп\figure\unittest_figure\unittest_figure.cpp(21): error C2664: "IsoscelesTriangle::IsoscelesTriangle(const IsoscelesTriangle &)": невозможно преобразовать аргумент 7 из "const char [4]" в "Color"
         c:\users\дарья\dropbox\4 семестр\ооп\figure\unittest_figure\unittest_figure.cpp(21): note: Ни один конструктор не смог принять исходный тип, либо разрешение перегрузки конструктора неоднозначно
     1>c:\users\дарья\dropbox\4 семестр\ооп\figure\unittest_figure\unittest_figure.cpp(22): error C2664: "Quadrate::Quadrate(const Quadrate &)": невозможно преобразовать аргумент 9 из "const char [5]" в "Color"
         c:\users\дарья\dropbox\4 семестр\ооп\figure\unittest_figure\unittest_figure.cpp(22): note: Ни один конструктор не смог принять исходный тип, либо разрешение перегрузки конструктора неоднозначно
     1>c:\users\дарья\dropbox\4 семестр\ооп\figure\unittest_figure\unittest_figure.cpp(29): error C2664: "IsoscelesTriangle::IsoscelesTriangle(const IsoscelesTriangle &)": невозможно преобразовать аргумент 7 из "const char [4]" в "Color"
         c:\users\дарья\dropbox\4 семестр\ооп\figure\unittest_figure\unittest_figure.cpp(29): note: Ни один конструктор не смог принять исходный тип, либо разрешение перегрузки конструктора неоднозначно
     1>c:\users\дарья\dropbox\4 семестр\ооп\figure\unittest_figure\unittest_figure.cpp(30): error C2664: "RightTriangle::RightTriangle(const RightTriangle &)": невозможно преобразовать аргумент 7 из "const char [6]" в "Color"
         c:\users\дарья\dropbox\4 семестр\ооп\figure\unittest_figure\unittest_figure.cpp(30): note: Ни один конструктор не смог принять исходный тип, либо разрешение перегрузки конструктора неоднозначно
     1>c:\users\дарья\dropbox\4 семестр\ооп\figure\unittest_figure\unittest_figure.cpp(36): error C2664: "IsoscelesTriangle::IsoscelesTriangle(const IsoscelesTriangle &)": невозможно преобразовать аргумент 7 из "const char [6]" в "Color"
         c:\users\дарья\dropbox\4 семестр\ооп\figure\unittest_figure\unittest_figure.cpp(36): note: Ни один конструктор не смог принять исходный тип, либо разрешение перегрузки конструктора неоднозначно
     1>c:\users\дарья\dropbox\4 семестр\ооп\figure\unittest_figure\unittest_figure.cpp(37): error C2664: "Quadrate::Quadrate(const Quadrate &)": невозможно преобразовать аргумент 9 из "const char [4]" в "Color"
         c:\users\дарья\dropbox\4 семестр\ооп\figure\unittest_figure\unittest_figure.cpp(37): note: Ни один конструктор не смог принять исходный тип, либо разрешение перегрузки конструктора неоднозначно
     1>c:\users\дарья\dropbox\4 семестр\ооп\figure\unittest_figure\unittest_figure.cpp(42): error C2664: "RightTriangle::RightTriangle(const RightTriangle &)": невозможно преобразовать аргумент 7 из "const char [6]" в "Color"
         c:\users\дарья\dropbox\4 семестр\ооп\figure\unittest_figure\unittest_figure.cpp(42): note: Ни один конструктор не смог принять исходный тип, либо разрешение перегрузки конструктора неоднозначно
     1>c:\users\дарья\dropbox\4 семестр\ооп\figure\unittest_figure\unittest_figure.cpp(43): error C2664: "Quadrate::Quadrate(const Quadrate &)": невозможно преобразовать аргумент 9 из "const char [4]" в "Color"
         c:\users\дарья\dropbox\4 семестр\ооп\figure\unittest_figure\unittest_figure.cpp(43): note: Ни один конструктор не смог принять исходный тип, либо разрешение перегрузки конструктора неоднозначно
         Создание кода...
     1>Сборка проекта "C:\Users\Дарья\Dropbox\4 семестр\ООП\Figure\unittest_Figure\unittest_Figure.vcxproj" завершена (целевые объекты Build) с ошибкой.

Ошибка сборки.

Затраченное время: 00:00:03.12
